Traceback (most recent call last):
  File "/opt/hostedtoolcache/Python/3.9.16/x64/lib/python3.9/site-packages/jupyter_cache/executors/utils.py", line 58, in single_nb_execution
    executenb(
  File "/opt/hostedtoolcache/Python/3.9.16/x64/lib/python3.9/site-packages/nbclient/client.py", line 1305, in execute
    return NotebookClient(nb=nb, resources=resources, km=km, **kwargs).execute()
  File "/opt/hostedtoolcache/Python/3.9.16/x64/lib/python3.9/site-packages/jupyter_core/utils/__init__.py", line 166, in wrapped
    return loop.run_until_complete(inner)
  File "/opt/hostedtoolcache/Python/3.9.16/x64/lib/python3.9/asyncio/base_events.py", line 647, in run_until_complete
    return future.result()
  File "/opt/hostedtoolcache/Python/3.9.16/x64/lib/python3.9/site-packages/nbclient/client.py", line 705, in async_execute
    await self.async_execute_cell(
  File "/opt/hostedtoolcache/Python/3.9.16/x64/lib/python3.9/site-packages/nbclient/client.py", line 1058, in async_execute_cell
    await self._check_raise_for_error(cell, cell_index, exec_reply)
  File "/opt/hostedtoolcache/Python/3.9.16/x64/lib/python3.9/site-packages/nbclient/client.py", line 914, in _check_raise_for_error
    raise CellExecutionError.from_cell_and_msg(cell, exec_reply_content)
nbclient.exceptions.CellExecutionError: An error occurred while executing the following cell:
------------------
import numpyro
import numpyro.distributions as dist
from numpyro.infer.reparam import TransformReparam


def eight_schools_noncentered(J, sigma, y=None):
    mu = numpyro.sample("mu", dist.Normal(0, 5))
    tau = numpyro.sample("tau", dist.HalfCauchy(5))
    with numpyro.plate("J", J):
        with numpyro.handlers.reparam(config={"theta": TransformReparam()}):
            theta = numpyro.sample(
                "theta",
                dist.TransformedDistribution(
                    dist.Normal(0.0, 1.0), dist.transforms.AffineTransform(mu, tau)
                ),
            )
        numpyro.sample("obs", dist.Normal(theta, sigma), obs=y)
------------------

----- stderr -----
/opt/hostedtoolcache/Python/3.9.16/x64/lib/python3.9/site-packages/tqdm/auto.py:21: TqdmWarning: IProgress not found. Please update jupyter and ipywidgets. See https://ipywidgets.readthedocs.io/en/stable/user_install.html
  from .autonotebook import tqdm as notebook_tqdm
------------------

[0;31m---------------------------------------------------------------------------[0m
[0;31mImportError[0m                               Traceback (most recent call last)
Cell [0;32mIn[2], line 1[0m
[0;32m----> 1[0m [38;5;28;01mimport[39;00m [38;5;21;01mnumpyro[39;00m
[1;32m      2[0m [38;5;28;01mimport[39;00m [38;5;21;01mnumpyro[39;00m[38;5;21;01m.[39;00m[38;5;21;01mdistributions[39;00m [38;5;28;01mas[39;00m [38;5;21;01mdist[39;00m
[1;32m      3[0m [38;5;28;01mfrom[39;00m [38;5;21;01mnumpyro[39;00m[38;5;21;01m.[39;00m[38;5;21;01minfer[39;00m[38;5;21;01m.[39;00m[38;5;21;01mreparam[39;00m [38;5;28;01mimport[39;00m TransformReparam

File [0;32m/opt/hostedtoolcache/Python/3.9.16/x64/lib/python3.9/site-packages/numpyro/__init__.py:6[0m
[1;32m      1[0m [38;5;66;03m# Copyright Contributors to the Pyro project.[39;00m
[1;32m      2[0m [38;5;66;03m# SPDX-License-Identifier: Apache-2.0[39;00m
[1;32m      4[0m [38;5;28;01mimport[39;00m [38;5;21;01mlogging[39;00m
[0;32m----> 6[0m [38;5;28;01mfrom[39;00m [38;5;21;01mnumpyro[39;00m [38;5;28;01mimport[39;00m compat, diagnostics, distributions, handlers, infer, ops, optim
[1;32m      7[0m [38;5;28;01mfrom[39;00m [38;5;21;01mnumpyro[39;00m[38;5;21;01m.[39;00m[38;5;21;01mdistributions[39;00m[38;5;21;01m.[39;00m[38;5;21;01mdistribution[39;00m [38;5;28;01mimport[39;00m enable_validation, validation_enabled
[1;32m      8[0m [38;5;28;01mfrom[39;00m [38;5;21;01mnumpyro[39;00m[38;5;21;01m.[39;00m[38;5;21;01minfer[39;00m[38;5;21;01m.[39;00m[38;5;21;01minspect[39;00m [38;5;28;01mimport[39;00m render_model

File [0;32m/opt/hostedtoolcache/Python/3.9.16/x64/lib/python3.9/site-packages/numpyro/infer/__init__.py:5[0m
[1;32m      1[0m [38;5;66;03m# Copyright Contributors to the Pyro project.[39;00m
[1;32m      2[0m [38;5;66;03m# SPDX-License-Identifier: Apache-2.0[39;00m
[1;32m      4[0m [38;5;28;01mfrom[39;00m [38;5;21;01mnumpyro[39;00m[38;5;21;01m.[39;00m[38;5;21;01minfer[39;00m[38;5;21;01m.[39;00m[38;5;21;01mbarker[39;00m [38;5;28;01mimport[39;00m BarkerMH
[0;32m----> 5[0m [38;5;28;01mfrom[39;00m [38;5;21;01mnumpyro[39;00m[38;5;21;01m.[39;00m[38;5;21;01minfer[39;00m[38;5;21;01m.[39;00m[38;5;21;01melbo[39;00m [38;5;28;01mimport[39;00m (
[1;32m      6[0m     ELBO,
[1;32m      7[0m     RenyiELBO,
[1;32m      8[0m     Trace_ELBO,
[1;32m      9[0m     TraceEnum_ELBO,
[1;32m     10[0m     TraceGraph_ELBO,
[1;32m     11[0m     TraceMeanField_ELBO,
[1;32m     12[0m )
[1;32m     13[0m [38;5;28;01mfrom[39;00m [38;5;21;01mnumpyro[39;00m[38;5;21;01m.[39;00m[38;5;21;01minfer[39;00m[38;5;21;01m.[39;00m[38;5;21;01mhmc[39;00m [38;5;28;01mimport[39;00m HMC, NUTS
[1;32m     14[0m [38;5;28;01mfrom[39;00m [38;5;21;01mnumpyro[39;00m[38;5;21;01m.[39;00m[38;5;21;01minfer[39;00m[38;5;21;01m.[39;00m[38;5;21;01mhmc_gibbs[39;00m [38;5;28;01mimport[39;00m HMCECS, DiscreteHMCGibbs, HMCGibbs

File [0;32m/opt/hostedtoolcache/Python/3.9.16/x64/lib/python3.9/site-packages/numpyro/infer/elbo.py:24[0m
[1;32m     17[0m [38;5;28;01mfrom[39;00m [38;5;21;01mnumpyro[39;00m[38;5;21;01m.[39;00m[38;5;21;01mhandlers[39;00m [38;5;28;01mimport[39;00m replay, seed, substitute, trace
[1;32m     18[0m [38;5;28;01mfrom[39;00m [38;5;21;01mnumpyro[39;00m[38;5;21;01m.[39;00m[38;5;21;01minfer[39;00m[38;5;21;01m.[39;00m[38;5;21;01mutil[39;00m [38;5;28;01mimport[39;00m (
[1;32m     19[0m     _without_rsample_stop_gradient,
[1;32m     20[0m     get_importance_trace,
[1;32m     21[0m     is_identically_one,
[1;32m     22[0m     log_density,
[1;32m     23[0m )
[0;32m---> 24[0m [38;5;28;01mfrom[39;00m [38;5;21;01mnumpyro[39;00m[38;5;21;01m.[39;00m[38;5;21;01mops[39;00m[38;5;21;01m.[39;00m[38;5;21;01mprovenance[39;00m [38;5;28;01mimport[39;00m eval_provenance
[1;32m     25[0m [38;5;28;01mfrom[39;00m [38;5;21;01mnumpyro[39;00m[38;5;21;01m.[39;00m[38;5;21;01mutil[39;00m [38;5;28;01mimport[39;00m _validate_model, check_model_guide_match, find_stack_level
[1;32m     28[0m [38;5;28;01mclass[39;00m [38;5;21;01mELBO[39;00m:

File [0;32m/opt/hostedtoolcache/Python/3.9.16/x64/lib/python3.9/site-packages/numpyro/ops/provenance.py:10[0m
[1;32m      8[0m [38;5;28;01mfrom[39;00m [38;5;21;01mjax[39;00m[38;5;21;01m.[39;00m[38;5;21;01minterpreters[39;00m[38;5;21;01m.[39;00m[38;5;21;01mpartial_eval[39;00m [38;5;28;01mimport[39;00m trace_to_jaxpr_dynamic
[1;32m      9[0m [38;5;28;01mfrom[39;00m [38;5;21;01mjax[39;00m[38;5;21;01m.[39;00m[38;5;21;01minterpreters[39;00m[38;5;21;01m.[39;00m[38;5;21;01mpxla[39;00m [38;5;28;01mimport[39;00m xla_pmap_p
[0;32m---> 10[0m [38;5;28;01mfrom[39;00m [38;5;21;01mjax[39;00m[38;5;21;01m.[39;00m[38;5;21;01minterpreters[39;00m[38;5;21;01m.[39;00m[38;5;21;01mxla[39;00m [38;5;28;01mimport[39;00m xla_call_p
[1;32m     11[0m [38;5;28;01mimport[39;00m [38;5;21;01mjax[39;00m[38;5;21;01m.[39;00m[38;5;21;01mlinear_util[39;00m [38;5;28;01mas[39;00m [38;5;21;01mlu[39;00m
[1;32m     12[0m [38;5;28;01mimport[39;00m [38;5;21;01mjax[39;00m[38;5;21;01m.[39;00m[38;5;21;01mnumpy[39;00m [38;5;28;01mas[39;00m [38;5;21;01mjnp[39;00m

[0;31mImportError[0m: cannot import name 'xla_call_p' from 'jax.interpreters.xla' (/opt/hostedtoolcache/Python/3.9.16/x64/lib/python3.9/site-packages/jax/interpreters/xla.py)

